0 info it worked if it ends with ok
1 verbose cli [ 'C:\\Program Files\\nodejs\\node.exe',
1 verbose cli   'C:\\Program Files\\nodejs\\node_modules\\npm\\bin\\npm-cli.js',
1 verbose cli   'install',
1 verbose cli   'ng1.5' ]
2 info using npm@2.15.1
3 info using node@v4.4.4
4 verbose install initial load of D:\10.31angularjs\package.json
5 verbose installManyTop reading scoped package data from D:\10.31angularjs\node_modules\angular\package.json
6 verbose readDependencies loading dependencies from D:\10.31angularjs\package.json
7 silly cache add args [ 'ng1.5', null ]
8 verbose cache add spec ng1.5
9 silly cache add parsed spec Result {
9 silly cache add   raw: 'ng1.5',
9 silly cache add   scope: null,
9 silly cache add   name: 'ng1.5',
9 silly cache add   rawSpec: '',
9 silly cache add   spec: 'latest',
9 silly cache add   type: 'tag' }
10 silly addNamed ng1.5@latest
11 verbose addNamed "latest" is being treated as a dist-tag for ng1.5
12 info addNameTag [ 'ng1.5', 'latest' ]
13 silly mapToRegistry name ng1.5
14 silly mapToRegistry using default registry
15 silly mapToRegistry registry https://registry.npmjs.org/
16 silly mapToRegistry data Result {
16 silly mapToRegistry   raw: 'ng1.5',
16 silly mapToRegistry   scope: null,
16 silly mapToRegistry   name: 'ng1.5',
16 silly mapToRegistry   rawSpec: '',
16 silly mapToRegistry   spec: 'latest',
16 silly mapToRegistry   type: 'tag' }
17 silly mapToRegistry uri https://registry.npmjs.org/ng1.5
18 verbose addNameTag registry:https://registry.npmjs.org/ng1.5 not in flight; fetching
19 verbose request uri https://registry.npmjs.org/ng1.5
20 verbose request no auth needed
21 info attempt registry request try #1 at 17:47:27
22 verbose request id 0a52e72e03e7eace
23 http request GET https://registry.npmjs.org/ng1.5
24 http 404 https://registry.npmjs.org/ng1.5
25 verbose headers { 'content-type': 'application/json',
25 verbose headers   'cache-control': 'max-age=0',
25 verbose headers   'content-length': '2',
25 verbose headers   'accept-ranges': 'bytes',
25 verbose headers   date: 'Mon, 31 Oct 2016 09:40:57 GMT',
25 verbose headers   via: '1.1 varnish',
25 verbose headers   age: '0',
25 verbose headers   connection: 'keep-alive',
25 verbose headers   'x-served-by': 'cache-itm7427-ITM',
25 verbose headers   'x-cache': 'MISS',
25 verbose headers   'x-cache-hits': '0',
25 verbose headers   'x-timer': 'S1477906857.714562,VS0,VE147',
25 verbose headers   vary: 'Accept-Encoding' }
26 silly get cb [ 404,
26 silly get   { 'content-type': 'application/json',
26 silly get     'cache-control': 'max-age=0',
26 silly get     'content-length': '2',
26 silly get     'accept-ranges': 'bytes',
26 silly get     date: 'Mon, 31 Oct 2016 09:40:57 GMT',
26 silly get     via: '1.1 varnish',
26 silly get     age: '0',
26 silly get     connection: 'keep-alive',
26 silly get     'x-served-by': 'cache-itm7427-ITM',
26 silly get     'x-cache': 'MISS',
26 silly get     'x-cache-hits': '0',
26 silly get     'x-timer': 'S1477906857.714562,VS0,VE147',
26 silly get     vary: 'Accept-Encoding' } ]
27 verbose stack Error: Registry returned 404 for GET on https://registry.npmjs.org/ng1.5
27 verbose stack     at makeError (C:\Program Files\nodejs\node_modules\npm\node_modules\npm-registry-client\lib\request.js:264:12)
27 verbose stack     at CachingRegistryClient.<anonymous> (C:\Program Files\nodejs\node_modules\npm\node_modules\npm-registry-client\lib\request.js:242:14)
27 verbose stack     at Request._callback (C:\Program Files\nodejs\node_modules\npm\node_modules\npm-registry-client\lib\request.js:172:14)
27 verbose stack     at Request.self.callback (C:\Program Files\nodejs\node_modules\npm\node_modules\request\request.js:199:22)
27 verbose stack     at emitTwo (events.js:87:13)
27 verbose stack     at Request.emit (events.js:172:7)
27 verbose stack     at Request.<anonymous> (C:\Program Files\nodejs\node_modules\npm\node_modules\request\request.js:1036:10)
27 verbose stack     at emitOne (events.js:82:20)
27 verbose stack     at Request.emit (events.js:169:7)
27 verbose stack     at IncomingMessage.<anonymous> (C:\Program Files\nodejs\node_modules\npm\node_modules\request\request.js:963:12)
28 verbose statusCode 404
29 verbose pkgid ng1.5
30 verbose cwd D:\10.31angularjs
31 error Windows_NT 6.1.7601
32 error argv "C:\\Program Files\\nodejs\\node.exe" "C:\\Program Files\\nodejs\\node_modules\\npm\\bin\\npm-cli.js" "install" "ng1.5"
33 error node v4.4.4
34 error npm  v2.15.1
35 error code E404
36 error 404 Registry returned 404 for GET on https://registry.npmjs.org/ng1.5
36 error 404
36 error 404 'ng1.5' is not in the npm registry.
36 error 404 You should bug the author to publish it (or use the name yourself!)
36 error 404
36 error 404 Note that you can also install from a
36 error 404 tarball, folder, http url, or git url.
37 verbose exit [ 1, true ]
